{
  "RSpec": {
    "coverage": {
      "/home/igortullio/Workspace/Sarah/bank-teller-app/app/models/user.rb": {
        "lines": [
          1,
          null,
          null,
          1,
          null,
          null,
          1,
          0,
          null,
          null,
          1,
          5,
          null,
          null
        ]
      },
      "/home/igortullio/Workspace/Sarah/bank-teller-app/app/models/application_record.rb": {
        "lines": [
          1,
          1,
          null
        ]
      },
      "/home/igortullio/Workspace/Sarah/bank-teller-app/app/models/account.rb": {
        "lines": [
          1,
          1,
          1,
          null,
          1,
          null,
          1,
          0,
          0,
          0,
          0,
          null,
          0,
          null,
          0,
          null,
          null,
          1,
          null,
          1,
          1,
          1,
          null,
          null
        ]
      },
      "/home/igortullio/Workspace/Sarah/bank-teller-app/app/controllers/home_controller.rb": {
        "lines": [
          1,
          1,
          4,
          null,
          null,
          1,
          1,
          1,
          1,
          null,
          0,
          null,
          1,
          null,
          null,
          1,
          0,
          0,
          null,
          null
        ]
      },
      "/home/igortullio/Workspace/Sarah/bank-teller-app/app/controllers/application_controller.rb": {
        "lines": [
          1,
          1,
          1,
          null,
          1,
          null,
          1,
          13,
          null,
          null,
          null
        ]
      },
      "/home/igortullio/Workspace/Sarah/bank-teller-app/app/controllers/accounts_controller.rb": {
        "lines": [
          0,
          0,
          0,
          null,
          0,
          0,
          0,
          null,
          0,
          0,
          0,
          0,
          0,
          0,
          0,
          null,
          0,
          0,
          0,
          null,
          0,
          0,
          0,
          null,
          0,
          0,
          0,
          0,
          0,
          0,
          0,
          null,
          0,
          0,
          0,
          null,
          0,
          0,
          null,
          0,
          0,
          0,
          null,
          0,
          0,
          0,
          null,
          0,
          0,
          null,
          0,
          0,
          0,
          0,
          0,
          0,
          0
        ],
        "branches": {
        }
      }
    },
    "timestamp": 1670196895
  }
}
